[2025-02-08 01:13:54] Genesis block created.
[2025-02-08 01:13:56] Block added to Blockchain. Current length : 1
[2025-02-08 01:13:58] Transaction added, blockchain updated from block 1
[2025-02-08 01:13:59] Transaction added, blockchain updated from block 1
[2025-02-08 01:13:59] Block added to Blockchain. Current length : 2
[2025-02-08 01:13:59] Transaction added, blockchain updated from block 2
[2025-02-08 01:14:00] Transaction added, blockchain updated from block 2
[2025-02-25 21:10:19] Genesis block created.
[2025-02-25 21:10:26] Block added to Blockchain. Current length : 1
[2025-02-25 21:10:26] Transaction added, blockchain updated from block 1
[2025-02-25 21:10:26] Transaction added, blockchain updated from block 1
[2025-02-25 21:10:27] Block added to Blockchain. Current length : 2
[2025-02-25 21:10:27] Transaction added, blockchain updated from block 2
[2025-02-25 21:10:33] Transaction added, blockchain updated from block 2
[2025-02-25 21:10:33] Blockchain exported to data/test.json
[2025-02-25 22:37:48] Blockchain successfully imported from data/test.json
[2025-02-25 22:53:46] Genesis block created.
[2025-02-25 22:53:54] Block added to Blockchain. Current length : 1
[2025-02-25 22:54:31] Transaction added, blockchain updated from block 0
[2025-02-25 23:08:25] Genesis block created.
[2025-02-25 23:08:27] Block added to Blockchain. Current length : 1
[2025-02-25 23:08:32] Transaction added, blockchain updated from block 1
[2025-02-25 23:11:26] Genesis block created.
[2025-02-25 23:11:34] Block added to Blockchain. Current length : 1
[2025-02-25 23:11:49] Transaction added, blockchain updated from block 1
[2025-02-25 23:11:49] Block added to Blockchain. Current length : 2
[2025-02-25 23:12:00] Transaction added, blockchain updated from block 2
[2025-02-25 23:12:07] Block added to Blockchain. Current length : 3
[2025-02-25 23:12:12] Transaction added, blockchain updated from block 3
[2025-02-25 23:12:28] Block added to Blockchain. Current length : 4
[2025-02-25 23:12:43] Transaction added, blockchain updated from block 4
[2025-02-25 23:12:47] Block added to Blockchain. Current length : 5
[2025-02-25 23:12:51] Transaction added, blockchain updated from block 5
[2025-02-25 23:13:02] Block added to Blockchain. Current length : 6
[2025-02-25 23:13:07] Transaction added, blockchain updated from block 6
[2025-02-25 23:13:08] Block added to Blockchain. Current length : 7
[2025-02-25 23:13:10] Transaction added, blockchain updated from block 7
[2025-02-25 23:13:21] Block added to Blockchain. Current length : 8
[2025-02-25 23:13:37] Transaction added, blockchain updated from block 8
[2025-02-25 23:13:45] Block added to Blockchain. Current length : 9
[2025-02-25 23:14:13] Transaction added, blockchain updated from block 9
[2025-02-25 23:14:25] Block added to Blockchain. Current length : 10
[2025-02-25 23:14:45] Transaction added, blockchain updated from block 10
[2025-02-25 23:15:05] Block added to Blockchain. Current length : 11
[2025-02-25 23:15:14] Transaction added, blockchain updated from block 11
[2025-02-25 23:15:18] Block added to Blockchain. Current length : 12
[2025-02-25 23:15:26] Transaction added, blockchain updated from block 12
[2025-02-25 23:15:43] Block added to Blockchain. Current length : 13
[2025-02-25 23:15:50] Transaction added, blockchain updated from block 13
[2025-02-25 23:16:22] Block added to Blockchain. Current length : 14
[2025-02-25 23:16:35] Transaction added, blockchain updated from block 14
[2025-02-25 23:16:48] Block added to Blockchain. Current length : 15
[2025-02-25 23:17:19] Transaction added, blockchain updated from block 15
[2025-02-25 23:17:38] Block added to Blockchain. Current length : 16
[2025-02-25 23:18:16] Transaction added, blockchain updated from block 16
[2025-02-25 23:18:22] Block added to Blockchain. Current length : 17
[2025-02-25 23:18:31] Transaction added, blockchain updated from block 17
[2025-02-25 23:18:39] Block added to Blockchain. Current length : 18
[2025-02-25 23:19:01] Transaction added, blockchain updated from block 18
[2025-02-25 23:19:09] Block added to Blockchain. Current length : 19
[2025-02-25 23:19:23] Transaction added, blockchain updated from block 19
[2025-02-25 23:20:07] Block added to Blockchain. Current length : 20
[2025-02-25 23:20:09] Transaction added, blockchain updated from block 20
[2025-02-25 23:20:10] Block added to Blockchain. Current length : 21
[2025-02-25 23:20:40] Transaction added, blockchain updated from block 21
[2025-02-25 23:20:54] Block added to Blockchain. Current length : 22
[2025-02-25 23:21:14] Transaction added, blockchain updated from block 22
[2025-02-25 23:21:20] Block added to Blockchain. Current length : 23
[2025-02-25 23:21:30] Transaction added, blockchain updated from block 23
[2025-02-25 23:21:36] Block added to Blockchain. Current length : 24
[2025-02-25 23:21:37] Transaction added, blockchain updated from block 24
[2025-02-25 23:22:02] Block added to Blockchain. Current length : 25
[2025-02-25 23:22:08] Transaction added, blockchain updated from block 25
[2025-02-25 23:22:53] Block added to Blockchain. Current length : 26
[2025-02-25 23:23:03] Transaction added, blockchain updated from block 26
[2025-02-25 23:23:52] Block added to Blockchain. Current length : 27
[2025-02-25 23:24:13] Transaction added, blockchain updated from block 27
[2025-02-25 23:24:29] Block added to Blockchain. Current length : 28
[2025-02-25 23:25:00] Transaction added, blockchain updated from block 28
[2025-02-25 23:25:47] Block added to Blockchain. Current length : 29
[2025-02-25 23:26:15] Transaction added, blockchain updated from block 29
[2025-02-25 23:26:55] Block added to Blockchain. Current length : 30
[2025-02-25 23:26:55] Transaction added, blockchain updated from block 30
[2025-02-25 23:26:56] Block added to Blockchain. Current length : 31
[2025-02-25 23:27:06] Transaction added, blockchain updated from block 31
[2025-02-25 23:28:12] Block added to Blockchain. Current length : 32
[2025-02-25 23:28:13] Transaction added, blockchain updated from block 32
[2025-02-25 23:28:48] Block added to Blockchain. Current length : 33
[2025-02-25 23:29:09] Transaction added, blockchain updated from block 33
[2025-02-25 23:29:12] Block added to Blockchain. Current length : 34
[2025-02-25 23:29:37] Transaction added, blockchain updated from block 34
[2025-02-25 23:29:41] Block added to Blockchain. Current length : 35
[2025-02-25 23:30:36] Transaction added, blockchain updated from block 35
[2025-02-25 23:30:47] Block added to Blockchain. Current length : 36
[2025-02-25 23:31:11] Transaction added, blockchain updated from block 36
[2025-02-25 23:31:13] Block added to Blockchain. Current length : 37
[2025-02-25 23:31:13] Transaction added, blockchain updated from block 37
[2025-02-25 23:31:19] Block added to Blockchain. Current length : 38
[2025-02-25 23:31:47] Transaction added, blockchain updated from block 38
[2025-02-25 23:31:47] Block added to Blockchain. Current length : 39
[2025-02-25 23:32:13] Transaction added, blockchain updated from block 39
[2025-02-25 23:32:24] Block added to Blockchain. Current length : 40
[2025-02-25 23:32:25] Transaction added, blockchain updated from block 40
[2025-02-25 23:32:45] Block added to Blockchain. Current length : 41
[2025-02-25 23:33:32] Transaction added, blockchain updated from block 41
[2025-02-25 23:35:43] Block added to Blockchain. Current length : 42
[2025-02-25 23:36:36] Transaction added, blockchain updated from block 42
[2025-02-25 23:36:40] Block added to Blockchain. Current length : 43
[2025-02-25 23:36:48] Transaction added, blockchain updated from block 43
[2025-02-25 23:36:58] Block added to Blockchain. Current length : 44
[2025-02-25 23:36:59] Transaction added, blockchain updated from block 44
[2025-02-25 23:37:14] Block added to Blockchain. Current length : 45
[2025-02-25 23:37:35] Transaction added, blockchain updated from block 45
[2025-02-25 23:38:38] Block added to Blockchain. Current length : 46
[2025-02-25 23:38:52] Transaction added, blockchain updated from block 46
[2025-02-25 23:38:55] Block added to Blockchain. Current length : 47
[2025-02-25 23:39:52] Transaction added, blockchain updated from block 47
[2025-02-25 23:40:13] Block added to Blockchain. Current length : 48
[2025-02-25 23:40:45] Transaction added, blockchain updated from block 48
[2025-02-25 23:41:10] Block added to Blockchain. Current length : 49
[2025-02-25 23:41:17] Transaction added, blockchain updated from block 49
[2025-02-25 23:41:28] Block added to Blockchain. Current length : 50
[2025-02-25 23:41:31] Transaction added, blockchain updated from block 50
[2025-02-25 23:41:38] Block added to Blockchain. Current length : 51
[2025-02-25 23:41:58] Transaction added, blockchain updated from block 51
[2025-02-25 23:42:58] Block added to Blockchain. Current length : 52
[2025-02-25 23:43:05] Transaction added, blockchain updated from block 52
[2025-02-25 23:43:35] Block added to Blockchain. Current length : 53
[2025-02-25 23:44:37] Transaction added, blockchain updated from block 53
[2025-02-25 23:44:47] Block added to Blockchain. Current length : 54
[2025-02-25 23:45:24] Transaction added, blockchain updated from block 54
[2025-02-25 23:45:25] Block added to Blockchain. Current length : 55
[2025-02-25 23:45:28] Transaction added, blockchain updated from block 55
[2025-02-25 23:45:44] Block added to Blockchain. Current length : 56
[2025-02-25 23:46:01] Transaction added, blockchain updated from block 56
[2025-02-25 23:46:29] Block added to Blockchain. Current length : 57
[2025-02-25 23:46:42] Transaction added, blockchain updated from block 57
[2025-02-25 23:47:01] Block added to Blockchain. Current length : 58
[2025-02-25 23:47:24] Transaction added, blockchain updated from block 58
[2025-02-25 23:48:11] Block added to Blockchain. Current length : 59
[2025-02-25 23:48:22] Transaction added, blockchain updated from block 59
[2025-02-25 23:48:29] Block added to Blockchain. Current length : 60
[2025-02-25 23:48:46] Transaction added, blockchain updated from block 60
[2025-02-25 23:49:28] Block added to Blockchain. Current length : 61
[2025-02-25 23:49:31] Transaction added, blockchain updated from block 61
[2025-02-25 23:49:37] Block added to Blockchain. Current length : 62
[2025-02-25 23:49:55] Transaction added, blockchain updated from block 62
[2025-02-25 23:50:21] Block added to Blockchain. Current length : 63
[2025-02-25 23:50:27] Transaction added, blockchain updated from block 63
[2025-02-25 23:50:32] Block added to Blockchain. Current length : 64
[2025-02-25 23:50:34] Transaction added, blockchain updated from block 64
[2025-02-25 23:50:52] Block added to Blockchain. Current length : 65
[2025-02-25 23:51:39] Transaction added, blockchain updated from block 65
[2025-02-25 23:51:43] Block added to Blockchain. Current length : 66
[2025-02-25 23:52:25] Transaction added, blockchain updated from block 66
[2025-02-25 23:52:38] Block added to Blockchain. Current length : 67
[2025-02-25 23:53:02] Transaction added, blockchain updated from block 67
[2025-02-25 23:53:10] Block added to Blockchain. Current length : 68
[2025-02-25 23:53:18] Transaction added, blockchain updated from block 68
[2025-02-25 23:53:41] Block added to Blockchain. Current length : 69
[2025-02-25 23:53:42] Transaction added, blockchain updated from block 69
[2025-02-25 23:54:09] Block added to Blockchain. Current length : 70
[2025-02-25 23:54:13] Transaction added, blockchain updated from block 70
[2025-02-25 23:55:25] Block added to Blockchain. Current length : 71
[2025-02-25 23:56:11] Transaction added, blockchain updated from block 71
[2025-02-25 23:56:58] Block added to Blockchain. Current length : 72
[2025-02-25 23:57:32] Transaction added, blockchain updated from block 72
[2025-02-25 23:57:39] Block added to Blockchain. Current length : 73
[2025-02-25 23:57:57] Transaction added, blockchain updated from block 73
[2025-02-25 23:58:05] Block added to Blockchain. Current length : 74
[2025-02-25 23:58:38] Transaction added, blockchain updated from block 74
[2025-02-25 23:58:46] Block added to Blockchain. Current length : 75
[2025-02-25 23:58:47] Transaction added, blockchain updated from block 75
[2025-02-26 00:00:49] Block added to Blockchain. Current length : 76
[2025-02-26 00:00:53] Transaction added, blockchain updated from block 76
[2025-02-26 00:01:41] Block added to Blockchain. Current length : 77
[2025-02-26 00:02:11] Transaction added, blockchain updated from block 77
[2025-02-26 00:02:36] Block added to Blockchain. Current length : 78
[2025-02-26 00:02:47] Transaction added, blockchain updated from block 78
[2025-02-26 00:02:49] Block added to Blockchain. Current length : 79
[2025-02-26 00:02:51] Transaction added, blockchain updated from block 79
[2025-02-26 00:03:09] Block added to Blockchain. Current length : 80
[2025-02-26 00:03:18] Transaction added, blockchain updated from block 80
[2025-02-26 00:04:19] Block added to Blockchain. Current length : 81
[2025-02-26 00:04:41] Transaction added, blockchain updated from block 81
[2025-02-26 00:04:46] Block added to Blockchain. Current length : 82
[2025-02-26 00:05:16] Transaction added, blockchain updated from block 82
[2025-02-26 00:05:19] Block added to Blockchain. Current length : 83
[2025-02-26 00:05:31] Transaction added, blockchain updated from block 83
[2025-02-26 00:05:47] Block added to Blockchain. Current length : 84
[2025-02-26 00:06:15] Transaction added, blockchain updated from block 84
[2025-02-26 00:06:27] Block added to Blockchain. Current length : 85
[2025-02-26 00:06:38] Transaction added, blockchain updated from block 85
[2025-02-26 00:06:39] Block added to Blockchain. Current length : 86
[2025-02-26 00:06:47] Transaction added, blockchain updated from block 86
[2025-02-26 00:06:50] Block added to Blockchain. Current length : 87
[2025-02-26 00:07:01] Transaction added, blockchain updated from block 87
[2025-02-26 00:07:07] Block added to Blockchain. Current length : 88
[2025-02-26 00:07:20] Transaction added, blockchain updated from block 88
[2025-02-26 00:08:18] Block added to Blockchain. Current length : 89
[2025-02-26 00:08:32] Transaction added, blockchain updated from block 89
[2025-02-26 00:08:40] Block added to Blockchain. Current length : 90
[2025-02-26 00:08:42] Transaction added, blockchain updated from block 90
[2025-02-26 00:09:00] Block added to Blockchain. Current length : 91
[2025-02-26 00:09:17] Transaction added, blockchain updated from block 91
[2025-02-26 00:09:28] Block added to Blockchain. Current length : 92
[2025-02-26 00:09:57] Transaction added, blockchain updated from block 92
[2025-02-26 00:10:20] Block added to Blockchain. Current length : 93
[2025-02-26 00:10:46] Transaction added, blockchain updated from block 93
[2025-02-26 00:11:20] Block added to Blockchain. Current length : 94
[2025-02-26 00:11:32] Transaction added, blockchain updated from block 94
[2025-02-26 00:11:46] Block added to Blockchain. Current length : 95
[2025-02-26 00:12:11] Transaction added, blockchain updated from block 95
[2025-02-26 00:12:23] Block added to Blockchain. Current length : 96
[2025-02-26 00:12:26] Transaction added, blockchain updated from block 96
[2025-02-26 00:12:42] Block added to Blockchain. Current length : 97
[2025-02-26 00:13:03] Transaction added, blockchain updated from block 97
[2025-02-26 00:13:07] Block added to Blockchain. Current length : 98
[2025-02-26 00:13:14] Transaction added, blockchain updated from block 98
[2025-02-26 00:13:15] Block added to Blockchain. Current length : 99
[2025-02-26 00:13:18] Transaction added, blockchain updated from block 99
[2025-02-26 00:13:30] Block added to Blockchain. Current length : 100
[2025-02-26 00:13:40] Transaction added, blockchain updated from block 100
[2025-02-26 00:13:53] Block added to Blockchain. Current length : 101
[2025-02-26 00:14:03] Transaction added, blockchain updated from block 101
[2025-02-26 00:14:03] Blockchain exported to data/chain.json
